<?xml version="1.0" encoding="UTF-8"?>
<!-- Generated by org.testng.reporters.JUnitReportReporter -->
<testsuite hostname="DESKTOP-19H79RO" failures="0" tests="1" name="com.TestNGscripts.Handling_Basic_Authentication_pop_up_in_selenium" time="7.440" errors="0" timestamp="2024-05-07T11:37:46 IST" skipped="0">
  <testcase classname="com.TestNGscripts.Handling_Basic_Authentication_pop_up_in_selenium" name="HandlingBasicauthenticationpopupinselenium" time="7.440"/>
</testsuite> <!-- com.TestNGscripts.Handling_Basic_Authentication_pop_up_in_selenium -->
