<?xml version="1.0" encoding="UTF-8"?>
<!-- Generated by org.testng.reporters.JUnitReportReporter -->
<testsuite hostname="DESKTOP-19H79RO" failures="0" tests="1" name="com.TestNGscripts.AllSyntax" time="2.512" errors="0" timestamp="2024-05-21T14:44:44 IST" skipped="0">
  <testcase classname="com.TestNGscripts.AllSyntax" name="allsyntax" time="2.512"/>
</testsuite> <!-- com.TestNGscripts.AllSyntax -->
