<?xml version="1.0" encoding="UTF-8"?>
<!-- Generated by org.testng.reporters.JUnitReportReporter -->
<testsuite hostname="DESKTOP-19H79RO" failures="0" tests="1" name="com.ICICIBankProject.SlideCount" time="16.258" errors="0" timestamp="2024-05-06T16:53:33 IST" skipped="0">
  <testcase classname="com.ICICIBankProject.SlideCount" name="slidecount" time="16.258"/>
</testsuite> <!-- com.ICICIBankProject.SlideCount -->
