<?xml version="1.0" encoding="UTF-8"?>
<!-- Generated by org.testng.reporters.JUnitReportReporter -->
<testsuite hostname="DESKTOP-19H79RO" failures="0" tests="1" name="com.TestNGscripts.writtingdata_to_JSONFile" time="0.017" errors="0" timestamp="2024-05-07T11:37:46 IST" skipped="0">
  <testcase classname="com.TestNGscripts.writtingdata_to_JSONFile" name="writtingdatato_JSON_File" time="0.017"/>
</testsuite> <!-- com.TestNGscripts.writtingdata_to_JSONFile -->
