<?xml version="1.0" encoding="UTF-8"?>
<!-- Generated by org.testng.reporters.JUnitReportReporter -->
<testsuite hostname="DESKTOP-19H79RO" failures="0" tests="1" name="com.TestNGscripts.UploadFile" time="8.817" errors="0" timestamp="2024-06-02T17:28:21 IST" skipped="0">
  <testcase classname="com.TestNGscripts.UploadFile" name="UploadFile" time="8.817"/>
</testsuite> <!-- com.TestNGscripts.UploadFile -->
