<?xml version="1.0" encoding="UTF-8"?>
<!-- Generated by org.testng.reporters.JUnitReportReporter -->
<testsuite hostname="DESKTOP-19H79RO" failures="0" tests="2" name="com.TestNGscripts.OpenGoogle" time="22.530" errors="0" timestamp="2024-05-07T11:37:46 IST" skipped="0">
  <testcase classname="com.TestNGscripts.OpenGoogle" name="OpenFacebook" time="4.827"/>
  <testcase classname="com.TestNGscripts.OpenGoogle" name="OpeningGoogle" time="17.703"/>
</testsuite> <!-- com.TestNGscripts.OpenGoogle -->
