<?xml version="1.0" encoding="UTF-8"?>
<!-- Generated by org.testng.reporters.JUnitReportReporter -->
<testsuite hostname="DESKTOP-19H79RO" failures="0" tests="1" name="com.TestNGscripts.Get_all_urls_in_page" time="18.639" errors="0" timestamp="2024-05-07T11:59:46 IST" skipped="0">
  <testcase classname="com.TestNGscripts.Get_all_urls_in_page" name="get_all_urls_of_page_and_print" time="18.639"/>
</testsuite> <!-- com.TestNGscripts.Get_all_urls_in_page -->
