<?xml version="1.0" encoding="UTF-8"?>
<!-- Generated by org.testng.reporters.JUnitReportReporter -->
<testsuite hostname="DESKTOP-19H79RO" failures="0" tests="1" name="com.OHRMProjecct.LoginFunctionalityTest" time="7.346" errors="0" timestamp="2024-05-21T18:27:38 IST" skipped="0">
  <testcase classname="com.OHRMProjecct.LoginFunctionalityTest" name="validatingLogin" time="7.346"/>
</testsuite> <!-- com.OHRMProjecct.LoginFunctionalityTest -->
