<?xml version="1.0" encoding="UTF-8"?>
<!-- Generated by org.testng.reporters.JUnitReportReporter -->
<testsuite hostname="DESKTOP-19H79RO" failures="0" tests="1" name="com.OrangeHRMProject.Validationsof_oHRMApplication" time="12.137" errors="0" timestamp="2024-05-04T12:44:05 IST" skipped="0">
  <testcase classname="com.OrangeHRMProject.Validationsof_oHRMApplication" name="Launchapp" time="12.137"/>
</testsuite> <!-- com.OrangeHRMProject.Validationsof_oHRMApplication -->
