<?xml version="1.0" encoding="UTF-8"?>
<!-- Generated by org.testng.reporters.JUnitReportReporter -->
<testsuite hostname="DESKTOP-19H79RO" failures="0" tests="2" name="com.OHRMProjecct.OrangeTest" time="9.732" errors="0" timestamp="2024-05-21T18:21:23 IST" skipped="0">
  <testcase classname="com.OHRMProjecct.OrangeTest" name="validatingLogin" time="4.766"/>
  <testcase classname="com.OHRMProjecct.OrangeTest" name="openOHRMApplication" time="4.966"/>
</testsuite> <!-- com.OHRMProjecct.OrangeTest -->
