<?xml version="1.0" encoding="UTF-8"?>
<!-- Generated by org.testng.reporters.JUnitReportReporter -->
<testsuite hostname="DESKTOP-19H79RO" failures="0" tests="1" name="com.TestNGscripts.Get_all_urls_in_page" time="17.123" errors="0" timestamp="2024-05-10T12:15:58 IST" skipped="0">
  <testcase classname="com.TestNGscripts.Get_all_urls_in_page" name="get_all_urls_of_page_and_print" time="17.123"/>
</testsuite> <!-- com.TestNGscripts.Get_all_urls_in_page -->
