<?xml version="1.0" encoding="UTF-8"?>
<!-- Generated by org.testng.reporters.JUnitReportReporter -->
<testsuite hostname="DESKTOP-19H79RO" failures="0" tests="1" name="com.ICICIBankProject.ListingALLurlsAndStoringInJSON" time="12.936" errors="0" timestamp="2024-05-07T11:37:46 IST" skipped="0">
  <testcase classname="com.ICICIBankProject.ListingALLurlsAndStoringInJSON" name="ListingAllurl_Page_and_storing_in_JSON" time="12.936"/>
</testsuite> <!-- com.ICICIBankProject.ListingALLurlsAndStoringInJSON -->
